d:\physics & simulation 1\finalexams\noodlenexus\noodlenexus\x64\release\vc143.pdb
d:\physics & simulation 1\finalexams\noodlenexus\noodlenexus\x64\release\crailgun.obj
d:\physics & simulation 1\finalexams\noodlenexus\noodlenexus\x64\release\cphysics_broadphase.obj
d:\physics & simulation 1\finalexams\noodlenexus\noodlenexus\x64\release\cphysics.obj
d:\physics & simulation 1\finalexams\noodlenexus\noodlenexus\x64\release\cmoverelativetime.obj
d:\physics & simulation 1\finalexams\noodlenexus\noodlenexus\x64\release\cluabrain.obj
d:\physics & simulation 1\finalexams\noodlenexus\noodlenexus\x64\release\clowpassfilter.obj
d:\physics & simulation 1\finalexams\noodlenexus\noodlenexus\x64\release\clightmanager.obj
d:\physics & simulation 1\finalexams\noodlenexus\noodlenexus\x64\release\clighthelper.obj
d:\physics & simulation 1\finalexams\noodlenexus\noodlenexus\x64\release\cjetpack.obj
d:\physics & simulation 1\finalexams\noodlenexus\noodlenexus\x64\release\chovertank.obj
d:\physics & simulation 1\finalexams\noodlenexus\noodlenexus\x64\release\cfollowobject_a.obj
d:\physics & simulation 1\finalexams\noodlenexus\noodlenexus\x64\release\ccommandgroup.obj
d:\physics & simulation 1\finalexams\noodlenexus\noodlenexus\x64\release\ccommandfactory.obj
d:\physics & simulation 1\finalexams\noodlenexus\noodlenexus\x64\release\ctexturefrombmp.obj
d:\physics & simulation 1\finalexams\noodlenexus\noodlenexus\x64\release\cbasictexturemanager.obj
d:\physics & simulation 1\finalexams\noodlenexus\noodlenexus\x64\release\c24bitbmppixel.obj
d:\physics & simulation 1\finalexams\noodlenexus\noodlenexus\x64\release\cbasicflycamera.obj
d:\physics & simulation 1\finalexams\noodlenexus\noodlenexus\x64\release\carena.obj
d:\physics & simulation 1\finalexams\noodlenexus\noodlenexus\x64\release\cshadermanager.obj
d:\physics & simulation 1\finalexams\noodlenexus\noodlenexus\x64\release\cshader.obj
d:\physics & simulation 1\finalexams\noodlenexus\noodlenexus\x64\release\themain.obj
d:\physics & simulation 1\finalexams\noodlenexus\noodlenexus\x64\release\smesh.obj
d:\physics & simulation 1\finalexams\noodlenexus\noodlenexus\x64\release\sharedthings.obj
d:\physics & simulation 1\finalexams\noodlenexus\noodlenexus\x64\release\rendercall.obj
d:\physics & simulation 1\finalexams\noodlenexus\noodlenexus\x64\release\plyfileloaders.obj
d:\physics & simulation 1\finalexams\noodlenexus\noodlenexus\x64\release\mouse_keyboard.obj
d:\physics & simulation 1\finalexams\noodlenexus\noodlenexus\x64\release\cvaomanager.obj
d:\physics & simulation 1\finalexams\noodlenexus\noodlenexus\x64\release\ctankfactory.obj
d:\physics & simulation 1\finalexams\noodlenexus\noodlenexus\x64\release\ctankbuilder.obj
d:\physics & simulation 1\finalexams\noodlenexus\noodlenexus\x64\release\ctank.obj
d:\physics & simulation 1\finalexams\noodlenexus\noodlenexus\x64\release\csupertank.obj
d:\physics & simulation 1\finalexams\noodlenexus\noodlenexus\x64\release\csheild.obj
d:\physics & simulation 1\finalexams\noodlenexus\noodlenexus\x64\release\glad.obj
d:\physics & simulation 1\finalexams\noodlenexus\x64\release\noodlenexus.exe
d:\physics & simulation 1\finalexams\noodlenexus\noodlenexus\x64\release\noodlenexus.ipdb
d:\physics & simulation 1\finalexams\noodlenexus\x64\release\noodlenexus.pdb
d:\physics & simulation 1\finalexams\noodlenexus\noodlenexus\x64\release\noodlenexus.iobj
d:\physics & simulation 1\finalexams\noodlenexus\noodlenexus\x64\release\mouse_keyboard_async.obj
d:\physics & simulation 1\finalexams\noodlenexus\noodlenexus\x64\release\noodlenexus.tlog\cl.command.1.tlog
d:\physics & simulation 1\finalexams\noodlenexus\noodlenexus\x64\release\noodlenexus.tlog\cl.items.tlog
d:\physics & simulation 1\finalexams\noodlenexus\noodlenexus\x64\release\noodlenexus.tlog\cl.read.1.tlog
d:\physics & simulation 1\finalexams\noodlenexus\noodlenexus\x64\release\noodlenexus.tlog\cl.write.1.tlog
d:\physics & simulation 1\finalexams\noodlenexus\noodlenexus\x64\release\noodlenexus.tlog\link.command.1.tlog
d:\physics & simulation 1\finalexams\noodlenexus\noodlenexus\x64\release\noodlenexus.tlog\link.read.1.tlog
d:\physics & simulation 1\finalexams\noodlenexus\noodlenexus\x64\release\noodlenexus.tlog\link.write.1.tlog
